{"/Users/blakenetzeband/workspace/which-weather/apps/server/src/app.controller.ts": {"path":"/Users/blakenetzeband/workspace/which-weather/apps/server/src/app.controller.ts","statementMap":{"0":{"start":{"line":1,"column":0},"end":{"line":1,"column":44}},"1":{"start":{"line":4,"column":7},"end":{"line":4,"column":null}},"2":{"start":{"line":4,"column":13},"end":{"line":4,"column":26}},"3":{"start":{"line":4,"column":13},"end":{"line":4,"column":null}}},"fnMap":{},"branchMap":{},"s":{"0":0,"1":0,"2":0,"3":0},"f":{},"b":{}}
,"/Users/blakenetzeband/workspace/which-weather/apps/server/src/app.module.ts": {"path":"/Users/blakenetzeband/workspace/which-weather/apps/server/src/app.module.ts","statementMap":{"0":{"start":{"line":1,"column":0},"end":{"line":1,"column":43}},"1":{"start":{"line":2,"column":0},"end":{"line":2,"column":52}},"2":{"start":{"line":3,"column":0},"end":{"line":3,"column":40}},"3":{"start":{"line":4,"column":0},"end":{"line":4,"column":46}},"4":{"start":{"line":5,"column":0},"end":{"line":5,"column":49}},"5":{"start":{"line":6,"column":0},"end":{"line":6,"column":43}},"6":{"start":{"line":7,"column":0},"end":{"line":7,"column":68}},"7":{"start":{"line":8,"column":0},"end":{"line":8,"column":62}},"8":{"start":{"line":9,"column":0},"end":{"line":9,"column":68}},"9":{"start":{"line":10,"column":0},"end":{"line":10,"column":62}},"10":{"start":{"line":17,"column":7},"end":{"line":17,"column":null}},"11":{"start":{"line":17,"column":13},"end":{"line":17,"column":22}},"12":{"start":{"line":17,"column":13},"end":{"line":17,"column":null}}},"fnMap":{},"branchMap":{},"s":{"0":0,"1":0,"2":0,"3":0,"4":0,"5":0,"6":0,"7":0,"8":0,"9":0,"10":0,"11":0,"12":0},"f":{},"b":{}}
,"/Users/blakenetzeband/workspace/which-weather/apps/server/src/app.service.ts": {"path":"/Users/blakenetzeband/workspace/which-weather/apps/server/src/app.service.ts","statementMap":{"0":{"start":{"line":1,"column":0},"end":{"line":1,"column":54}},"1":{"start":{"line":2,"column":0},"end":{"line":2,"column":52}},"2":{"start":{"line":6,"column":7},"end":{"line":21,"column":null}},"3":{"start":{"line":7,"column":45},"end":{"line":7,"column":64}},"4":{"start":{"line":10,"column":19},"end":{"line":10,"column":54}},"5":{"start":{"line":11,"column":4},"end":{"line":14,"column":5}},"6":{"start":{"line":12,"column":6},"end":{"line":12,"column":65}},"7":{"start":{"line":13,"column":6},"end":{"line":13,"column":20}},"8":{"start":{"line":15,"column":4},"end":{"line":15,"column":16}},"9":{"start":{"line":19,"column":4},"end":{"line":19,"column":37}},"10":{"start":{"line":6,"column":13},"end":{"line":6,"column":23}},"11":{"start":{"line":6,"column":13},"end":{"line":21,"column":null}}},"fnMap":{"0":{"name":"(anonymous_4)","decl":{"start":{"line":7,"column":2},"end":{"line":7,"column":15}},"loc":{"start":{"line":7,"column":64},"end":{"line":7,"column":68}}},"1":{"name":"(anonymous_5)","decl":{"start":{"line":9,"column":2},"end":{"line":9,"column":7}},"loc":{"start":{"line":9,"column":37},"end":{"line":16,"column":3}}},"2":{"name":"(anonymous_6)","decl":{"start":{"line":18,"column":2},"end":{"line":18,"column":7}},"loc":{"start":{"line":18,"column":50},"end":{"line":20,"column":3}}}},"branchMap":{"0":{"loc":{"start":{"line":11,"column":4},"end":{"line":14,"column":5}},"type":"if","locations":[{"start":{"line":11,"column":4},"end":{"line":14,"column":5}}]}},"s":{"0":0,"1":0,"2":0,"3":0,"4":0,"5":0,"6":0,"7":0,"8":0,"9":0,"10":0,"11":0},"f":{"0":0,"1":0,"2":0},"b":{"0":[0]}}
,"/Users/blakenetzeband/workspace/which-weather/apps/server/src/main.ts": {"path":"/Users/blakenetzeband/workspace/which-weather/apps/server/src/main.ts","statementMap":{"0":{"start":{"line":1,"column":0},"end":{"line":1,"column":43}},"1":{"start":{"line":2,"column":0},"end":{"line":2,"column":65}},"2":{"start":{"line":3,"column":0},"end":{"line":3,"column":41}},"3":{"start":{"line":6,"column":14},"end":{"line":6,"column":49}},"4":{"start":{"line":7,"column":2},"end":{"line":10,"column":5}},"5":{"start":{"line":12,"column":17},"end":{"line":15,"column":12}},"6":{"start":{"line":17,"column":26},"end":{"line":17,"column":73}},"7":{"start":{"line":17,"column":32},"end":{"line":17,"column":73}},"8":{"start":{"line":18,"column":2},"end":{"line":18,"column":51}},"9":{"start":{"line":20,"column":2},"end":{"line":20,"column":45}},"10":{"start":{"line":23,"column":0},"end":{"line":23,"column":12}}},"fnMap":{"0":{"name":"bootstrap","decl":{"start":{"line":5,"column":15},"end":{"line":5,"column":24}},"loc":{"start":{"line":5,"column":24},"end":{"line":21,"column":1}}},"1":{"name":"(anonymous_1)","decl":{"start":{"line":17,"column":26},"end":{"line":17,"column":29}},"loc":{"start":{"line":17,"column":32},"end":{"line":17,"column":73}}}},"branchMap":{"0":{"loc":{"start":{"line":9,"column":6},"end":{"line":9,"column":77}},"type":"cond-expr","locations":[{"start":{"line":9,"column":47},"end":{"line":9,"column":51}},{"start":{"line":9,"column":54},"end":{"line":9,"column":77}}]},"1":{"loc":{"start":{"line":20,"column":19},"end":{"line":20,"column":43}},"type":"binary-expr","locations":[{"start":{"line":20,"column":19},"end":{"line":20,"column":35}},{"start":{"line":20,"column":39},"end":{"line":20,"column":43}}]}},"s":{"0":0,"1":0,"2":0,"3":0,"4":0,"5":0,"6":0,"7":0,"8":0,"9":0,"10":0},"f":{"0":0,"1":0},"b":{"0":[0,0],"1":[0,0]}}
,"/Users/blakenetzeband/workspace/which-weather/apps/server/src/forecast/forecast.controller.ts": {"path":"/Users/blakenetzeband/workspace/which-weather/apps/server/src/forecast/forecast.controller.ts","statementMap":{"0":{"start":{"line":1,"column":0},"end":{"line":1,"column":49}},"1":{"start":{"line":2,"column":0},"end":{"line":2,"column":null}},"2":{"start":{"line":12,"column":0},"end":{"line":12,"column":62}},"3":{"start":{"line":13,"column":0},"end":{"line":13,"column":null}},"4":{"start":{"line":19,"column":0},"end":{"line":19,"column":53}},"5":{"start":{"line":20,"column":0},"end":{"line":20,"column":49}},"6":{"start":{"line":22,"column":0},"end":{"line":22,"column":68}},"7":{"start":{"line":26,"column":7},"end":{"line":198,"column":null}},"8":{"start":{"line":28,"column":21},"end":{"line":28,"column":38}},"9":{"start":{"line":29,"column":21},"end":{"line":29,"column":38}},"10":{"start":{"line":30,"column":21},"end":{"line":30,"column":33}},"11":{"start":{"line":39,"column":18},"end":{"line":39,"column":51}},"12":{"start":{"line":40,"column":4},"end":{"line":42,"column":5}},"13":{"start":{"line":41,"column":6},"end":{"line":41,"column":77}},"14":{"start":{"line":44,"column":4},"end":{"line":83,"column":5}},"15":{"start":{"line":45,"column":23},"end":{"line":45,"column":58}},"16":{"start":{"line":46,"column":21},"end":{"line":46,"column":79}},"17":{"start":{"line":47,"column":6},"end":{"line":47,"column":32}},"18":{"start":{"line":47,"column":18},"end":{"line":47,"column":32}},"19":{"start":{"line":49,"column":19},"end":{"line":51,"column":null}},"20":{"start":{"line":54,"column":6},"end":{"line":57,"column":7}},"21":{"start":{"line":55,"column":8},"end":{"line":55,"column":49}},"22":{"start":{"line":56,"column":8},"end":{"line":56,"column":20}},"23":{"start":{"line":59,"column":6},"end":{"line":59,"column":78}},"24":{"start":{"line":60,"column":11},"end":{"line":83,"column":5}},"25":{"start":{"line":61,"column":23},"end":{"line":61,"column":56}},"26":{"start":{"line":62,"column":21},"end":{"line":62,"column":79}},"27":{"start":{"line":63,"column":6},"end":{"line":63,"column":32}},"28":{"start":{"line":63,"column":18},"end":{"line":63,"column":32}},"29":{"start":{"line":65,"column":24},"end":{"line":65,"column":71}},"30":{"start":{"line":66,"column":6},"end":{"line":68,"column":7}},"31":{"start":{"line":67,"column":8},"end":{"line":67,"column":80}},"32":{"start":{"line":71,"column":19},"end":{"line":75,"column":8}},"33":{"start":{"line":77,"column":6},"end":{"line":80,"column":7}},"34":{"start":{"line":78,"column":8},"end":{"line":78,"column":49}},"35":{"start":{"line":79,"column":8},"end":{"line":79,"column":20}},"36":{"start":{"line":82,"column":6},"end":{"line":82,"column":78}},"37":{"start":{"line":85,"column":4},"end":{"line":85,"column":75}},"38":{"start":{"line":95,"column":18},"end":{"line":95,"column":51}},"39":{"start":{"line":96,"column":4},"end":{"line":98,"column":5}},"40":{"start":{"line":97,"column":6},"end":{"line":97,"column":77}},"41":{"start":{"line":101,"column":4},"end":{"line":106,"column":5}},"42":{"start":{"line":102,"column":21},"end":{"line":103,"column":null}},"43":{"start":{"line":105,"column":6},"end":{"line":105,"column":32}},"44":{"start":{"line":105,"column":18},"end":{"line":105,"column":32}},"45":{"start":{"line":109,"column":4},"end":{"line":109,"column":60}},"46":{"start":{"line":110,"column":4},"end":{"line":110,"column":52}},"47":{"start":{"line":111,"column":4},"end":{"line":111,"column":51}},"48":{"start":{"line":114,"column":4},"end":{"line":188,"column":5}},"49":{"start":{"line":115,"column":75},"end":{"line":122,"column":8}},"50":{"start":{"line":124,"column":24},"end":{"line":124,"column":41}},"51":{"start":{"line":126,"column":6},"end":{"line":178,"column":9}},"52":{"start":{"line":128,"column":25},"end":{"line":128,"column":57}},"53":{"start":{"line":130,"column":12},"end":{"line":130,"column":65}},"54":{"start":{"line":132,"column":29},"end":{"line":132,"column":51}},"55":{"start":{"line":134,"column":10},"end":{"line":166,"column":11}},"56":{"start":{"line":136,"column":25},"end":{"line":136,"column":38}},"57":{"start":{"line":138,"column":12},"end":{"line":149,"column":13}},"58":{"start":{"line":139,"column":14},"end":{"line":139,"column":36}},"59":{"start":{"line":141,"column":57},"end":{"line":146,"column":16}},"60":{"start":{"line":148,"column":14},"end":{"line":148,"column":68}},"61":{"start":{"line":151,"column":12},"end":{"line":151,"column":24}},"62":{"start":{"line":154,"column":12},"end":{"line":165,"column":13}},"63":{"start":{"line":155,"column":14},"end":{"line":155,"column":36}},"64":{"start":{"line":156,"column":57},"end":{"line":162,"column":16}},"65":{"start":{"line":164,"column":14},"end":{"line":164,"column":68}},"66":{"start":{"line":169,"column":51},"end":{"line":174,"column":10}},"67":{"start":{"line":176,"column":8},"end":{"line":176,"column":62}},"68":{"start":{"line":177,"column":8},"end":{"line":177,"column":23}},"69":{"start":{"line":180,"column":49},"end":{"line":184,"column":8}},"70":{"start":{"line":186,"column":6},"end":{"line":186,"column":60}},"71":{"start":{"line":187,"column":6},"end":{"line":187,"column":21}},"72":{"start":{"line":190,"column":4},"end":{"line":191,"column":5}},"73":{"start":{"line":193,"column":4},"end":{"line":196,"column":6}},"74":{"start":{"line":26,"column":13},"end":{"line":26,"column":31}},"75":{"start":{"line":35,"column":8},"end":{"line":86,"column":null}},"76":{"start":{"line":91,"column":8},"end":{"line":197,"column":null}},"77":{"start":{"line":26,"column":13},"end":{"line":198,"column":null}}},"fnMap":{"0":{"name":"(anonymous_4)","decl":{"start":{"line":27,"column":2},"end":{"line":27,"column":null}},"loc":{"start":{"line":30,"column":43},"end":{"line":31,"column":6}}},"1":{"name":"(anonymous_5)","decl":{"start":{"line":35,"column":2},"end":{"line":35,"column":7}},"loc":{"start":{"line":37,"column":47},"end":{"line":86,"column":3}}},"2":{"name":"(anonymous_6)","decl":{"start":{"line":91,"column":2},"end":{"line":91,"column":7}},"loc":{"start":{"line":93,"column":29},"end":{"line":197,"column":3}}},"3":{"name":"(anonymous_7)","decl":{"start":{"line":127,"column":37},"end":{"line":127,"column":42}},"loc":{"start":{"line":127,"column":73},"end":{"line":167,"column":9}}},"4":{"name":"(anonymous_8)","decl":{"start":{"line":168,"column":14},"end":{"line":168,"column":15}},"loc":{"start":{"line":168,"column":24},"end":{"line":178,"column":7}}}},"branchMap":{"0":{"loc":{"start":{"line":40,"column":4},"end":{"line":42,"column":5}},"type":"if","locations":[{"start":{"line":40,"column":4},"end":{"line":42,"column":5}}]},"1":{"loc":{"start":{"line":44,"column":4},"end":{"line":83,"column":5}},"type":"if","locations":[{"start":{"line":44,"column":4},"end":{"line":83,"column":5}},{"start":{"line":60,"column":11},"end":{"line":83,"column":5}}]},"2":{"loc":{"start":{"line":47,"column":6},"end":{"line":47,"column":32}},"type":"if","locations":[{"start":{"line":47,"column":6},"end":{"line":47,"column":32}}]},"3":{"loc":{"start":{"line":54,"column":6},"end":{"line":57,"column":7}},"type":"if","locations":[{"start":{"line":54,"column":6},"end":{"line":57,"column":7}}]},"4":{"loc":{"start":{"line":60,"column":11},"end":{"line":83,"column":5}},"type":"if","locations":[{"start":{"line":60,"column":11},"end":{"line":83,"column":5}}]},"5":{"loc":{"start":{"line":63,"column":6},"end":{"line":63,"column":32}},"type":"if","locations":[{"start":{"line":63,"column":6},"end":{"line":63,"column":32}}]},"6":{"loc":{"start":{"line":66,"column":6},"end":{"line":68,"column":7}},"type":"if","locations":[{"start":{"line":66,"column":6},"end":{"line":68,"column":7}}]},"7":{"loc":{"start":{"line":77,"column":6},"end":{"line":80,"column":7}},"type":"if","locations":[{"start":{"line":77,"column":6},"end":{"line":80,"column":7}}]},"8":{"loc":{"start":{"line":96,"column":4},"end":{"line":98,"column":5}},"type":"if","locations":[{"start":{"line":96,"column":4},"end":{"line":98,"column":5}}]},"9":{"loc":{"start":{"line":101,"column":4},"end":{"line":106,"column":5}},"type":"if","locations":[{"start":{"line":101,"column":4},"end":{"line":106,"column":5}}]},"10":{"loc":{"start":{"line":101,"column":8},"end":{"line":101,"column":26}},"type":"binary-expr","locations":[{"start":{"line":101,"column":8},"end":{"line":101,"column":16}},{"start":{"line":101,"column":20},"end":{"line":101,"column":26}}]},"11":{"loc":{"start":{"line":103,"column":8},"end":{"line":103,"column":27}},"type":"binary-expr","locations":[{"start":{"line":103,"column":8},"end":{"line":103,"column":16}},{"start":{"line":103,"column":20},"end":{"line":103,"column":27}}]},"12":{"loc":{"start":{"line":105,"column":6},"end":{"line":105,"column":32}},"type":"if","locations":[{"start":{"line":105,"column":6},"end":{"line":105,"column":32}}]},"13":{"loc":{"start":{"line":114,"column":4},"end":{"line":188,"column":5}},"type":"if","locations":[{"start":{"line":114,"column":4},"end":{"line":188,"column":5}}]},"14":{"loc":{"start":{"line":114,"column":8},"end":{"line":114,"column":41}},"type":"binary-expr","locations":[{"start":{"line":114,"column":8},"end":{"line":114,"column":16}},{"start":{"line":114,"column":20},"end":{"line":114,"column":28}},{"start":{"line":114,"column":32},"end":{"line":114,"column":41}}]},"15":{"loc":{"start":{"line":138,"column":12},"end":{"line":149,"column":13}},"type":"if","locations":[{"start":{"line":138,"column":12},"end":{"line":149,"column":13}}]},"16":{"loc":{"start":{"line":154,"column":12},"end":{"line":165,"column":13}},"type":"if","locations":[{"start":{"line":154,"column":12},"end":{"line":165,"column":13}}]},"17":{"loc":{"start":{"line":190,"column":4},"end":{"line":191,"column":5}},"type":"if","locations":[{"start":{"line":190,"column":4},"end":{"line":191,"column":5}}]}},"s":{"0":0,"1":0,"2":0,"3":0,"4":0,"5":0,"6":0,"7":0,"8":0,"9":0,"10":0,"11":0,"12":0,"13":0,"14":0,"15":0,"16":0,"17":0,"18":0,"19":0,"20":0,"21":0,"22":0,"23":0,"24":0,"25":0,"26":0,"27":0,"28":0,"29":0,"30":0,"31":0,"32":0,"33":0,"34":0,"35":0,"36":0,"37":0,"38":0,"39":0,"40":0,"41":0,"42":0,"43":0,"44":0,"45":0,"46":0,"47":0,"48":0,"49":0,"50":0,"51":0,"52":0,"53":0,"54":0,"55":0,"56":0,"57":0,"58":0,"59":0,"60":0,"61":0,"62":0,"63":0,"64":0,"65":0,"66":0,"67":0,"68":0,"69":0,"70":0,"71":0,"72":0,"73":0,"74":0,"75":0,"76":0,"77":0},"f":{"0":0,"1":0,"2":0,"3":0,"4":0},"b":{"0":[0],"1":[0,0],"2":[0],"3":[0],"4":[0],"5":[0],"6":[0],"7":[0],"8":[0],"9":[0],"10":[0,0],"11":[0,0],"12":[0],"13":[0],"14":[0,0,0],"15":[0],"16":[0],"17":[0]}}
,"/Users/blakenetzeband/workspace/which-weather/apps/server/src/forecast/forecast.service.ts": {"path":"/Users/blakenetzeband/workspace/which-weather/apps/server/src/forecast/forecast.service.ts","statementMap":{"0":{"start":{"line":1,"column":0},"end":{"line":1,"column":44}},"1":{"start":{"line":2,"column":0},"end":{"line":2,"column":44}},"2":{"start":{"line":12,"column":0},"end":{"line":12,"column":null}},"3":{"start":{"line":19,"column":0},"end":{"line":19,"column":71}},"4":{"start":{"line":23,"column":50},"end":{"line":28,"column":2}},"5":{"start":{"line":42,"column":31},"end":{"line":42,"column":55}},"6":{"start":{"line":39,"column":2},"end":{"line":39,"column":27}},"7":{"start":{"line":43,"column":4},"end":{"line":43,"column":36}},"8":{"start":{"line":47,"column":16},"end":{"line":49,"column":null}},"9":{"start":{"line":53,"column":6},"end":{"line":53,"column":69}},"10":{"start":{"line":55,"column":4},"end":{"line":55,"column":35}},"11":{"start":{"line":57,"column":4},"end":{"line":57,"column":26}},"12":{"start":{"line":61,"column":4},"end":{"line":63,"column":5}},"13":{"start":{"line":62,"column":6},"end":{"line":62,"column":70}},"14":{"start":{"line":65,"column":16},"end":{"line":65,"column":35}},"15":{"start":{"line":67,"column":4},"end":{"line":76,"column":6}},"16":{"start":{"line":69,"column":21},"end":{"line":69,"column":53}},"17":{"start":{"line":72,"column":10},"end":{"line":72,"column":54}},"18":{"start":{"line":73,"column":10},"end":{"line":73,"column":26}},"19":{"start":{"line":80,"column":4},"end":{"line":83,"column":6}},"20":{"start":{"line":89,"column":4},"end":{"line":89,"column":23}},"21":{"start":{"line":90,"column":4},"end":{"line":110,"column":6}},"22":{"start":{"line":94,"column":8},"end":{"line":99,"column":10}},"23":{"start":{"line":101,"column":8},"end":{"line":108,"column":12}},"24":{"start":{"line":101,"column":40},"end":{"line":108,"column":10}},"25":{"start":{"line":116,"column":4},"end":{"line":116,"column":23}},"26":{"start":{"line":117,"column":4},"end":{"line":138,"column":6}},"27":{"start":{"line":120,"column":26},"end":{"line":120,"column":41}},"28":{"start":{"line":122,"column":8},"end":{"line":122,"column":69}},"29":{"start":{"line":124,"column":32},"end":{"line":127,"column":10}},"30":{"start":{"line":128,"column":8},"end":{"line":136,"column":12}},"31":{"start":{"line":128,"column":50},"end":{"line":136,"column":10}},"32":{"start":{"line":146,"column":4},"end":{"line":146,"column":23}},"33":{"start":{"line":174,"column":2},"end":{"line":181,"column":4}},"34":{"start":{"line":175,"column":16},"end":{"line":175,"column":59}},"35":{"start":{"line":176,"column":4},"end":{"line":176,"column":26}},"36":{"start":{"line":176,"column":14},"end":{"line":176,"column":26}},"37":{"start":{"line":179,"column":4},"end":{"line":179,"column":35}},"38":{"start":{"line":180,"column":4},"end":{"line":180,"column":37}},"39":{"start":{"line":147,"column":4},"end":{"line":159,"column":6}},"40":{"start":{"line":151,"column":8},"end":{"line":157,"column":12}},"41":{"start":{"line":151,"column":54},"end":{"line":157,"column":10}},"42":{"start":{"line":162,"column":25},"end":{"line":163,"column":null}},"43":{"start":{"line":165,"column":4},"end":{"line":170,"column":6}},"44":{"start":{"line":168,"column":26},"end":{"line":168,"column":55}},"45":{"start":{"line":169,"column":27},"end":{"line":169,"column":51}},"46":{"start":{"line":171,"column":4},"end":{"line":171,"column":37}},"47":{"start":{"line":185,"column":7},"end":{"line":206,"column":null}},"48":{"start":{"line":186,"column":2},"end":{"line":186,"column":null}},"49":{"start":{"line":193,"column":4},"end":{"line":197,"column":6}},"50":{"start":{"line":204,"column":4},"end":{"line":204,"column":58}},"51":{"start":{"line":185,"column":13},"end":{"line":185,"column":28}},"52":{"start":{"line":185,"column":13},"end":{"line":206,"column":null}}},"fnMap":{"0":{"name":"(anonymous_4)","decl":{"start":{"line":42,"column":2},"end":{"line":42,"column":31}},"loc":{"start":{"line":42,"column":55},"end":{"line":44,"column":3}}},"1":{"name":"(anonymous_5)","decl":{"start":{"line":46,"column":10},"end":{"line":46,"column":21}},"loc":{"start":{"line":46,"column":41},"end":{"line":58,"column":3}}},"2":{"name":"(anonymous_6)","decl":{"start":{"line":60,"column":2},"end":{"line":60,"column":7}},"loc":{"start":{"line":60,"column":44},"end":{"line":77,"column":3}}},"3":{"name":"(anonymous_7)","decl":{"start":{"line":69,"column":12},"end":{"line":69,"column":13}},"loc":{"start":{"line":69,"column":21},"end":{"line":69,"column":53}}},"4":{"name":"(anonymous_8)","decl":{"start":{"line":70,"column":19},"end":{"line":70,"column":20}},"loc":{"start":{"line":70,"column":41},"end":{"line":74,"column":9}}},"5":{"name":"(anonymous_9)","decl":{"start":{"line":79,"column":2},"end":{"line":79,"column":6}},"loc":{"start":{"line":79,"column":48},"end":{"line":84,"column":3}}},"6":{"name":"(anonymous_10)","decl":{"start":{"line":88,"column":2},"end":{"line":88,"column":14}},"loc":{"start":{"line":88,"column":38},"end":{"line":111,"column":3}}},"7":{"name":"(anonymous_11)","decl":{"start":{"line":93,"column":28},"end":{"line":93,"column":29}},"loc":{"start":{"line":94,"column":8},"end":{"line":99,"column":10}}},"8":{"name":"(anonymous_12)","decl":{"start":{"line":100,"column":17},"end":{"line":100,"column":18}},"loc":{"start":{"line":100,"column":26},"end":{"line":109,"column":7}}},"9":{"name":"(anonymous_13)","decl":{"start":{"line":101,"column":29},"end":{"line":101,"column":30}},"loc":{"start":{"line":101,"column":40},"end":{"line":108,"column":10}}},"10":{"name":"(anonymous_14)","decl":{"start":{"line":115,"column":2},"end":{"line":115,"column":14}},"loc":{"start":{"line":115,"column":38},"end":{"line":139,"column":3}}},"11":{"name":"(anonymous_15)","decl":{"start":{"line":120,"column":19},"end":{"line":120,"column":20}},"loc":{"start":{"line":120,"column":26},"end":{"line":120,"column":41}}},"12":{"name":"(anonymous_16)","decl":{"start":{"line":121,"column":28},"end":{"line":121,"column":31}},"loc":{"start":{"line":122,"column":8},"end":{"line":122,"column":69}}},"13":{"name":"(anonymous_17)","decl":{"start":{"line":123,"column":17},"end":{"line":123,"column":18}},"loc":{"start":{"line":123,"column":26},"end":{"line":137,"column":7}}},"14":{"name":"(anonymous_18)","decl":{"start":{"line":128,"column":39},"end":{"line":128,"column":40}},"loc":{"start":{"line":128,"column":50},"end":{"line":136,"column":10}}},"15":{"name":"(anonymous_19)","decl":{"start":{"line":145,"column":2},"end":{"line":145,"column":14}},"loc":{"start":{"line":145,"column":38},"end":{"line":172,"column":3}}},"16":{"name":"(anonymous_20)","decl":{"start":{"line":174,"column":21},"end":{"line":174,"column":26}},"loc":{"start":{"line":174,"column":51},"end":{"line":181,"column":3}}},"17":{"name":"(anonymous_21)","decl":{"start":{"line":150,"column":17},"end":{"line":150,"column":18}},"loc":{"start":{"line":150,"column":26},"end":{"line":158,"column":7}}},"18":{"name":"(anonymous_22)","decl":{"start":{"line":151,"column":43},"end":{"line":151,"column":44}},"loc":{"start":{"line":151,"column":54},"end":{"line":157,"column":10}}},"19":{"name":"(anonymous_23)","decl":{"start":{"line":168,"column":19},"end":{"line":168,"column":20}},"loc":{"start":{"line":168,"column":26},"end":{"line":168,"column":55}}},"20":{"name":"(anonymous_24)","decl":{"start":{"line":169,"column":17},"end":{"line":169,"column":18}},"loc":{"start":{"line":169,"column":27},"end":{"line":169,"column":51}}},"21":{"name":"(anonymous_25)","decl":{"start":{"line":192,"column":2},"end":{"line":192,"column":14}},"loc":{"start":{"line":192,"column":38},"end":{"line":198,"column":3}}},"22":{"name":"(anonymous_26)","decl":{"start":{"line":200,"column":2},"end":{"line":200,"column":7}},"loc":{"start":{"line":202,"column":28},"end":{"line":205,"column":3}}}},"branchMap":{"0":{"loc":{"start":{"line":48,"column":6},"end":{"line":48,"column":42}},"type":"binary-expr","locations":[{"start":{"line":48,"column":6},"end":{"line":48,"column":35}},{"start":{"line":48,"column":39},"end":{"line":48,"column":42}}]},"1":{"loc":{"start":{"line":53,"column":6},"end":{"line":53,"column":69}},"type":"binary-expr","locations":[{"start":{"line":53,"column":6},"end":{"line":53,"column":44}},{"start":{"line":53,"column":48},"end":{"line":53,"column":69}}]},"2":{"loc":{"start":{"line":61,"column":4},"end":{"line":63,"column":5}},"type":"if","locations":[{"start":{"line":61,"column":4},"end":{"line":63,"column":5}}]},"3":{"loc":{"start":{"line":176,"column":4},"end":{"line":176,"column":26}},"type":"if","locations":[{"start":{"line":176,"column":4},"end":{"line":176,"column":26}}]}},"s":{"0":0,"1":0,"2":0,"3":0,"4":0,"5":0,"6":0,"7":0,"8":0,"9":0,"10":0,"11":0,"12":0,"13":0,"14":0,"15":0,"16":0,"17":0,"18":0,"19":0,"20":0,"21":0,"22":0,"23":0,"24":0,"25":0,"26":0,"27":0,"28":0,"29":0,"30":0,"31":0,"32":0,"33":0,"34":0,"35":0,"36":0,"37":0,"38":0,"39":0,"40":0,"41":0,"42":0,"43":0,"44":0,"45":0,"46":0,"47":0,"48":0,"49":0,"50":0,"51":0,"52":0},"f":{"0":0,"1":0,"2":0,"3":0,"4":0,"5":0,"6":0,"7":0,"8":0,"9":0,"10":0,"11":0,"12":0,"13":0,"14":0,"15":0,"16":0,"17":0,"18":0,"19":0,"20":0,"21":0,"22":0},"b":{"0":[0,0],"1":[0,0],"2":[0],"3":[0]}}
,"/Users/blakenetzeband/workspace/which-weather/apps/server/src/location/location.controller.ts": {"path":"/Users/blakenetzeband/workspace/which-weather/apps/server/src/location/location.controller.ts","statementMap":{"0":{"start":{"line":1,"column":0},"end":{"line":1,"column":null}},"1":{"start":{"line":9,"column":0},"end":{"line":9,"column":53}},"2":{"start":{"line":10,"column":0},"end":{"line":10,"column":54}},"3":{"start":{"line":13,"column":0},"end":{"line":13,"column":49}},"4":{"start":{"line":16,"column":7},"end":{"line":42,"column":null}},"5":{"start":{"line":18,"column":21},"end":{"line":18,"column":38}},"6":{"start":{"line":19,"column":21},"end":{"line":19,"column":33}},"7":{"start":{"line":20,"column":35},"end":{"line":20,"column":54}},"8":{"start":{"line":25,"column":4},"end":{"line":27,"column":5}},"9":{"start":{"line":26,"column":6},"end":{"line":26,"column":77}},"10":{"start":{"line":29,"column":19},"end":{"line":30,"column":null}},"11":{"start":{"line":32,"column":4},"end":{"line":32,"column":30}},"12":{"start":{"line":32,"column":16},"end":{"line":32,"column":30}},"13":{"start":{"line":34,"column":22},"end":{"line":34,"column":69}},"14":{"start":{"line":35,"column":4},"end":{"line":38,"column":5}},"15":{"start":{"line":36,"column":6},"end":{"line":36,"column":50}},"16":{"start":{"line":37,"column":6},"end":{"line":37,"column":23}},"17":{"start":{"line":40,"column":4},"end":{"line":40,"column":76}},"18":{"start":{"line":16,"column":13},"end":{"line":16,"column":31}},"19":{"start":{"line":24,"column":8},"end":{"line":41,"column":null}},"20":{"start":{"line":16,"column":13},"end":{"line":42,"column":null}}},"fnMap":{"0":{"name":"(anonymous_4)","decl":{"start":{"line":17,"column":2},"end":{"line":17,"column":null}},"loc":{"start":{"line":20,"column":54},"end":{"line":21,"column":6}}},"1":{"name":"(anonymous_5)","decl":{"start":{"line":24,"column":2},"end":{"line":24,"column":7}},"loc":{"start":{"line":24,"column":44},"end":{"line":41,"column":3}}}},"branchMap":{"0":{"loc":{"start":{"line":25,"column":4},"end":{"line":27,"column":5}},"type":"if","locations":[{"start":{"line":25,"column":4},"end":{"line":27,"column":5}}]},"1":{"loc":{"start":{"line":32,"column":4},"end":{"line":32,"column":30}},"type":"if","locations":[{"start":{"line":32,"column":4},"end":{"line":32,"column":30}}]},"2":{"loc":{"start":{"line":35,"column":4},"end":{"line":38,"column":5}},"type":"if","locations":[{"start":{"line":35,"column":4},"end":{"line":38,"column":5}}]}},"s":{"0":0,"1":0,"2":0,"3":0,"4":0,"5":0,"6":0,"7":0,"8":0,"9":0,"10":0,"11":0,"12":0,"13":0,"14":0,"15":0,"16":0,"17":0,"18":0,"19":0,"20":0},"f":{"0":0,"1":0},"b":{"0":[0],"1":[0],"2":[0]}}
,"/Users/blakenetzeband/workspace/which-weather/apps/server/src/location/location.service.ts": {"path":"/Users/blakenetzeband/workspace/which-weather/apps/server/src/location/location.service.ts","statementMap":{"0":{"start":{"line":1,"column":0},"end":{"line":1,"column":44}},"1":{"start":{"line":2,"column":0},"end":{"line":2,"column":44}},"2":{"start":{"line":4,"column":0},"end":{"line":4,"column":51}},"3":{"start":{"line":6,"column":0},"end":{"line":6,"column":59}},"4":{"start":{"line":23,"column":10},"end":{"line":32,"column":4}},"5":{"start":{"line":19,"column":4},"end":{"line":19,"column":21}},"6":{"start":{"line":20,"column":4},"end":{"line":20,"column":37}},"7":{"start":{"line":36,"column":16},"end":{"line":36,"column":40}},"8":{"start":{"line":37,"column":19},"end":{"line":37,"column":58}},"9":{"start":{"line":39,"column":4},"end":{"line":39,"column":23}},"10":{"start":{"line":40,"column":4},"end":{"line":40,"column":35}},"11":{"start":{"line":42,"column":4},"end":{"line":42,"column":26}},"12":{"start":{"line":47,"column":7},"end":{"line":85,"column":null}},"13":{"start":{"line":50,"column":31},"end":{"line":50,"column":44}},"14":{"start":{"line":51,"column":4},"end":{"line":51,"column":52}},"15":{"start":{"line":56,"column":4},"end":{"line":63,"column":8}},"16":{"start":{"line":56,"column":28},"end":{"line":63,"column":6}},"17":{"start":{"line":67,"column":4},"end":{"line":67,"column":68}},"18":{"start":{"line":67,"column":48},"end":{"line":67,"column":68}},"19":{"start":{"line":69,"column":16},"end":{"line":69,"column":42}},"20":{"start":{"line":71,"column":17},"end":{"line":80,"column":null}},"21":{"start":{"line":73,"column":21},"end":{"line":73,"column":50}},"22":{"start":{"line":76,"column":10},"end":{"line":76,"column":54}},"23":{"start":{"line":78,"column":10},"end":{"line":78,"column":26}},"24":{"start":{"line":83,"column":4},"end":{"line":83,"column":24}},"25":{"start":{"line":47,"column":13},"end":{"line":47,"column":28}},"26":{"start":{"line":47,"column":13},"end":{"line":85,"column":null}}},"fnMap":{"0":{"name":"(anonymous_2)","decl":{"start":{"line":18,"column":2},"end":{"line":18,"column":14}},"loc":{"start":{"line":18,"column":38},"end":{"line":21,"column":3}}},"1":{"name":"(anonymous_3)","decl":{"start":{"line":34,"column":2},"end":{"line":34,"column":13}},"loc":{"start":{"line":34,"column":23},"end":{"line":43,"column":3}}},"2":{"name":"(anonymous_4)","decl":{"start":{"line":50,"column":2},"end":{"line":50,"column":31}},"loc":{"start":{"line":50,"column":55},"end":{"line":52,"column":3}}},"3":{"name":"(anonymous_5)","decl":{"start":{"line":55,"column":10},"end":{"line":55,"column":24}},"loc":{"start":{"line":55,"column":56},"end":{"line":64,"column":3}}},"4":{"name":"(anonymous_6)","decl":{"start":{"line":56,"column":20},"end":{"line":56,"column":21}},"loc":{"start":{"line":56,"column":28},"end":{"line":63,"column":6}}},"5":{"name":"(anonymous_7)","decl":{"start":{"line":66,"column":2},"end":{"line":66,"column":7}},"loc":{"start":{"line":66,"column":30},"end":{"line":84,"column":3}}},"6":{"name":"(anonymous_8)","decl":{"start":{"line":73,"column":12},"end":{"line":73,"column":13}},"loc":{"start":{"line":73,"column":21},"end":{"line":73,"column":50}}},"7":{"name":"(anonymous_9)","decl":{"start":{"line":74,"column":19},"end":{"line":74,"column":20}},"loc":{"start":{"line":74,"column":41},"end":{"line":79,"column":9}}}},"branchMap":{"0":{"loc":{"start":{"line":67,"column":4},"end":{"line":67,"column":68}},"type":"if","locations":[{"start":{"line":67,"column":4},"end":{"line":67,"column":68}}]},"1":{"loc":{"start":{"line":83,"column":11},"end":{"line":83,"column":23}},"type":"binary-expr","locations":[{"start":{"line":83,"column":11},"end":{"line":83,"column":15}},{"start":{"line":83,"column":19},"end":{"line":83,"column":23}}]}},"s":{"0":0,"1":0,"2":0,"3":0,"4":0,"5":0,"6":0,"7":0,"8":0,"9":0,"10":0,"11":0,"12":0,"13":0,"14":0,"15":0,"16":0,"17":0,"18":0,"19":0,"20":0,"21":0,"22":0,"23":0,"24":0,"25":0,"26":0},"f":{"0":0,"1":0,"2":0,"3":0,"4":0,"5":0,"6":0,"7":0},"b":{"0":[0],"1":[0,0]}}
,"/Users/blakenetzeband/workspace/which-weather/apps/server/src/types/forecast.dto.ts": {"path":"/Users/blakenetzeband/workspace/which-weather/apps/server/src/types/forecast.dto.ts","statementMap":{"0":{"start":{"line":3,"column":0},"end":{"line":3,"column":13}},"1":{"start":{"line":13,"column":0},"end":{"line":13,"column":13}},"2":{"start":{"line":21,"column":0},"end":{"line":21,"column":13}},"3":{"start":{"line":33,"column":0},"end":{"line":33,"column":13}},"4":{"start":{"line":116,"column":0},"end":{"line":116,"column":13}},"5":{"start":{"line":164,"column":0},"end":{"line":164,"column":13}},"6":{"start":{"line":219,"column":0},"end":{"line":219,"column":13}}},"fnMap":{},"branchMap":{},"s":{"0":0,"1":0,"2":0,"3":0,"4":0,"5":0,"6":0},"f":{},"b":{}}
,"/Users/blakenetzeband/workspace/which-weather/apps/server/src/types/index.ts": {"path":"/Users/blakenetzeband/workspace/which-weather/apps/server/src/types/index.ts","statementMap":{"0":{"start":{"line":1,"column":0},"end":{"line":1,"column":31}},"1":{"start":{"line":2,"column":0},"end":{"line":2,"column":31}}},"fnMap":{},"branchMap":{},"s":{"0":0,"1":0},"f":{},"b":{}}
,"/Users/blakenetzeband/workspace/which-weather/apps/server/src/types/location.dto.ts": {"path":"/Users/blakenetzeband/workspace/which-weather/apps/server/src/types/location.dto.ts","statementMap":{"0":{"start":{"line":1,"column":0},"end":{"line":1,"column":13}},"1":{"start":{"line":10,"column":0},"end":{"line":10,"column":13}}},"fnMap":{},"branchMap":{},"s":{"0":0,"1":0},"f":{},"b":{}}
}
